"Task Aware Debugger for GDB" version 11.4.0 (202108190644)
(c) 2016-2021 NXP Semiconductors, Inc.
==================================
19:37:02.873 INFO: [TadModel] DSF session ID 46 has started.
19:37:07.75 INFO: [TadState] TAD state changed: DEBUG_STARTED -> DEBUG_INIT_0 (RESUMED, USER_REQUEST)
19:37:07.184 INFO: [TadState] TAD state changed: DEBUG_INIT_0 -> DEBUG_INIT_1 (SUSPENDED, SIGNAL)
19:37:07.831 INFO: [TadState] TAD state changed: DEBUG_INIT_1 -> DEBUG_SUSPENDED (RESUMED, USER_REQUEST)
19:37:07.958 INFO: [TadState] TAD state changed: DEBUG_SUSPENDED -> DEBUG_SUSPENDED (SUSPENDED, BREAKPOINT)
19:37:12.491 INFO: [TadState] TAD state changed: DEBUG_SUSPENDED -> DEBUG_RESUMED (RESUMED, STEP)
19:37:12.740 INFO: [TadState] TAD state changed: DEBUG_RESUMED -> READY (SUSPENDED, STEP)
19:37:13.263 INFO: [TadState] TAD state changed: READY -> DEBUG_RESUMED (RESUMED, STEP)
19:37:13.492 INFO: [TadState] TAD state changed: DEBUG_RESUMED -> READY (SUSPENDED, STEP)
19:37:13.871 INFO: [TadState] TAD state changed: READY -> DEBUG_RESUMED (RESUMED, STEP)
19:37:14.72 INFO: [TadState] TAD state changed: DEBUG_RESUMED -> READY (SUSPENDED, STEP)
19:37:14.457 INFO: [TadState] TAD state changed: READY -> DEBUG_RESUMED (RESUMED, STEP)
19:37:14.677 INFO: [TadState] TAD state changed: DEBUG_RESUMED -> READY (SUSPENDED, STEP)
19:37:15.43 INFO: [TadState] TAD state changed: READY -> DEBUG_RESUMED (RESUMED, STEP)
19:37:15.347 INFO: [TadState] TAD state changed: DEBUG_RESUMED -> READY (SUSPENDED, STEP)
19:37:15.738 INFO: [TadState] TAD state changed: READY -> DEBUG_RESUMED (RESUMED, STEP)
19:37:15.988 INFO: [TadState] TAD state changed: DEBUG_RESUMED -> READY (SUSPENDED, STEP)
19:37:16.443 INFO: [TadState] TAD state changed: READY -> DEBUG_RESUMED (RESUMED, STEP)
19:37:16.738 INFO: [TadState] TAD state changed: DEBUG_RESUMED -> READY (SUSPENDED, STEP)
19:37:17.179 INFO: [TadState] TAD state changed: READY -> DEBUG_RESUMED (RESUMED, STEP)
19:37:17.441 INFO: [TadState] TAD state changed: DEBUG_RESUMED -> READY (SUSPENDED, STEP)
19:37:17.893 INFO: [TadState] TAD state changed: READY -> DEBUG_RESUMED (RESUMED, STEP)
19:37:18.130 INFO: [TadState] TAD state changed: DEBUG_RESUMED -> READY (SUSPENDED, STEP)
19:37:18.655 INFO: [TadState] TAD state changed: READY -> DEBUG_RESUMED (RESUMED, STEP)
19:37:20.112 INFO: [TadState] TAD state changed: DEBUG_RESUMED -> READY (SUSPENDED, SIGNAL)
19:38:10.71 INFO: [TadModel] DSF session ID 46 has ended.
